<?xml version="1.0" encoding="UTF-8"?>
<!-- Generated by org.testng.reporters.JUnitXMLReporter -->
<testsuite ignored="0" hostname="QFIL-0020" failures="1" tests="1" name="Test One" time="0.172" errors="0" timestamp="2023-09-12T14:48:07 IST">
  <testcase classname="TestScripts.Login" name="AdminDetails" time="0.0">
    <failure type="org.testng.TestNGException" message="
Method public void TestScripts.Login.AdminDetails(java.lang.String,java.lang.String,java.lang.String,java.lang.String,java.lang.String,java.lang.String,java.lang.String,java.lang.String,java.lang.String,java.lang.String,java.lang.String,java.lang.String,java.lang.String,java.lang.String,java.lang.String,java.lang.String,java.lang.String) throws java.lang.Exception requires a @DataProvider named : Login">
      <![CDATA[org.testng.TestNGException: 
Method public void TestScripts.Login.AdminDetails(java.lang.String,java.lang.String,java.lang.String,java.lang.String,java.lang.String,java.lang.String,java.lang.String,java.lang.String,java.lang.String,java.lang.String,java.lang.String,java.lang.String,java.lang.String,java.lang.String,java.lang.String,java.lang.String,java.lang.String) throws java.lang.Exception requires a @DataProvider named : Login
at java.base/java.util.ArrayList.forEach(ArrayList.java:1511)
... Removed 24 stack frames]]>
    </failure>
  </testcase> <!-- AdminDetails -->
</testsuite> <!-- Test One -->
